<?xml version="1.0" encoding="UTF-8"?>
<!-- Generated by org.testng.reporters.JUnitReportReporter -->
<testsuite hostname="DESKTOP-V5N9R93" failures="0" tests="1" name="Collection_HashMap.HashTable_Demo" time="0.016" errors="0" timestamp="2023-09-08T17:54:19 IST" skipped="0">
  <testcase classname="Collection_HashMap.HashTable_Demo" name="test" time="0.016"/>
  <system-out/>
</testsuite> <!-- Collection_HashMap.HashTable_Demo -->
