<?xml version="1.0" encoding="UTF-8"?>
<!-- Generated by org.testng.reporters.JUnitReportReporter -->
<testsuite hostname="DESKTOP-V5N9R93" failures="0" tests="1" name="Selenium2.AmazonTest01" time="57.947" errors="0" timestamp="2023-08-04T17:44:42 IST" skipped="0">
  <testcase classname="Selenium2.AmazonTest01" name="searchDevice" time="57.947"/>
  <system-out/>
</testsuite> <!-- Selenium2.AmazonTest01 -->
