<?xml version="1.0" encoding="UTF-8"?>
<!-- Generated by org.testng.reporters.JUnitReportReporter -->
<testsuite hostname="DESKTOP-V5N9R93" failures="0" tests="1" name="Aug15th.Drag_Drop" time="15.199" errors="0" timestamp="2023-08-31T05:36:15 IST" skipped="0">
  <testcase classname="Aug15th.Drag_Drop" name="test" time="15.199"/>
  <system-out/>
</testsuite> <!-- Aug15th.Drag_Drop -->
