<?xml version="1.0" encoding="UTF-8"?>
<!-- Generated by org.testng.reporters.JUnitReportReporter -->
<testsuite hostname="DESKTOP-V5N9R93" failures="0" tests="1" name="Aug15th.Keyboard_Actions" time="3.794" errors="0" timestamp="2023-08-15T12:23:44 IST" skipped="0">
  <testcase classname="Aug15th.Keyboard_Actions" name="demo" time="3.794"/>
  <system-out/>
</testsuite> <!-- Aug15th.Keyboard_Actions -->
