<?xml version="1.0" encoding="UTF-8"?>
<!-- Generated by org.testng.reporters.JUnitReportReporter -->
<testsuite hostname="DESKTOP-V5N9R93" failures="0" tests="3" name="JavaLogicalProblem.PrimaeNumber" time="0.026" errors="0" timestamp="2023-09-16T06:10:55 IST" skipped="0">
  <testcase classname="JavaLogicalProblem.PrimaeNumber" name="test" time="0.017"/>
  <system-out/>
  <testcase classname="JavaLogicalProblem.PrimaeNumber" name="test1" time="0.004"/>
  <system-out/>
  <testcase classname="JavaLogicalProblem.PrimaeNumber" name="test2" time="0.005"/>
  <system-out/>
</testsuite> <!-- JavaLogicalProblem.PrimaeNumber -->
