<?xml version="1.0" encoding="UTF-8"?>
<!-- Generated by org.testng.reporters.JUnitReportReporter -->
<testsuite hostname="DESKTOP-251HLOB" failures="0" tests="2" name="Selenium2.DataP" time="35.242" errors="0" timestamp="2023-03-28T17:49:23 IST" skipped="0">
  <testcase classname="Selenium2.DataP" name="login" time="18.801"/>
  <system-out/>
  <testcase classname="Selenium2.DataP" name="login" time="16.441"/>
  <system-out/>
</testsuite> <!-- Selenium2.DataP -->
