<?xml version="1.0" encoding="UTF-8"?>
<!-- Generated by org.testng.reporters.JUnitReportReporter -->
<testsuite hostname="DESKTOP-251HLOB" failures="0" tests="2" name="Selenium2.Parallel_Test" time="24.800" errors="0" timestamp="2023-03-30T07:12:14 IST" skipped="0">
  <testcase classname="Selenium2.Parallel_Test" name="verifyLogo" time="17.341"/>
  <system-out/>
  <testcase classname="Selenium2.Parallel_Test" name="verifyTitle" time="7.459"/>
  <system-out/>
</testsuite> <!-- Selenium2.Parallel_Test -->
