<?xml version="1.0" encoding="UTF-8"?>
<!-- Generated by org.testng.reporters.JUnitReportReporter -->
<testsuite hostname="DESKTOP-V5N9R93" failures="0" tests="4" name="Selenium2.FailedTest_CaptureScreenshot" time="35.542" errors="0" timestamp="2023-08-05T17:50:38 IST" skipped="0">
  <testcase classname="Selenium2.FailedTest_CaptureScreenshot" name="loginWithValidCredentials" time="13.942"/>
  <system-out/>
  <testcase classname="Selenium2.FailedTest_CaptureScreenshot" name="loginWithValidCredentials" time="8.060"/>
  <system-out/>
  <testcase classname="Selenium2.FailedTest_CaptureScreenshot" name="loginWithValidCredentials" time="6.138"/>
  <system-out/>
  <testcase classname="Selenium2.FailedTest_CaptureScreenshot" name="loginWithValidCredentials" time="7.402"/>
  <system-out/>
</testsuite> <!-- Selenium2.FailedTest_CaptureScreenshot -->
