<?xml version="1.0" encoding="UTF-8"?>
<!-- Generated by org.testng.reporters.JUnitReportReporter -->
<testsuite hostname="DESKTOP-251HLOB" failures="0" tests="3" name="Selenium2.Data_Provider_test1" time="53.524" errors="0" timestamp="2023-03-18T07:18:03 IST" skipped="0">
  <testcase classname="Selenium2.Data_Provider_test1" name="multipleData" time="17.392"/>
  <system-out/>
  <testcase classname="Selenium2.Data_Provider_test1" name="multipleData" time="19.050"/>
  <system-out/>
  <testcase classname="Selenium2.Data_Provider_test1" name="multipleData" time="17.082"/>
  <system-out/>
</testsuite> <!-- Selenium2.Data_Provider_test1 -->
