<?xml version="1.0" encoding="UTF-8"?>
<!-- Generated by org.testng.reporters.JUnitReportReporter -->
<testsuite hostname="DESKTOP-V5N9R93" failures="0" tests="1" name="Aug15th.Scrolling_Action" time="12.786" errors="0" timestamp="2023-08-15T10:48:29 IST" skipped="0">
  <testcase classname="Aug15th.Scrolling_Action" name="scroll" time="12.786"/>
  <system-out/>
</testsuite> <!-- Aug15th.Scrolling_Action -->
