<?xml version="1.0" encoding="UTF-8"?>
<!-- Generated by org.testng.reporters.JUnitReportReporter -->
<testsuite hostname="DESKTOP-251HLOB" failures="0" tests="3" name="JavaProject.MultiProblem" time="0.035" errors="0" timestamp="2023-03-29T18:44:55 IST" skipped="0">
  <testcase classname="JavaProject.MultiProblem" name="reverseString" time="0.025"/>
  <system-out/>
  <testcase classname="JavaProject.MultiProblem" name="primeNumber" time="0.006"/>
  <system-out/>
  <testcase classname="JavaProject.MultiProblem" name="fibonacciSeries" time="0.004"/>
  <system-out/>
</testsuite> <!-- JavaProject.MultiProblem -->
