<?xml version="1.0" encoding="UTF-8"?>
<!-- Generated by org.testng.reporters.JUnitReportReporter -->
<testsuite hostname="DESKTOP-V5N9R93" failures="0" tests="1" name="Aug15th.Group_Demo0" time="0.006" errors="0" timestamp="2023-09-03T05:09:04 IST" skipped="0">
  <testcase classname="Aug15th.Group_Demo0" name="test3" time="0.006"/>
  <system-out/>
</testsuite> <!-- Aug15th.Group_Demo0 -->
