<?xml version="1.0" encoding="UTF-8"?>
<!-- Generated by org.testng.reporters.JUnitReportReporter -->
<testsuite hostname="DESKTOP-V5N9R93" failures="0" tests="1" name="Aug15th.Screenshot" time="5.273" errors="0" timestamp="2023-08-15T06:36:56 IST" skipped="0">
  <testcase classname="Aug15th.Screenshot" name="captureScreenshot" time="5.273"/>
  <system-out/>
</testsuite> <!-- Aug15th.Screenshot -->
