<?xml version="1.0" encoding="UTF-8"?>
<!-- Generated by org.testng.reporters.JUnitReportReporter -->
<testsuite hostname="DESKTOP-V5N9R93" failures="0" tests="1" name="Aug15th.Handle_window" time="66.027" errors="0" timestamp="2023-08-15T11:52:40 IST" skipped="0">
  <testcase classname="Aug15th.Handle_window" name="window" time="66.027"/>
  <system-out/>
</testsuite> <!-- Aug15th.Handle_window -->
