<?xml version="1.0" encoding="UTF-8"?>
<!-- Generated by org.testng.reporters.JUnitReportReporter -->
<testsuite hostname="DESKTOP-251HLOB" failures="0" tests="2" name="Selenium1.TestNg2" time="0.036" errors="0" timestamp="2022-07-01T19:35:52 GMT-07:00" skipped="0">
  <testcase classname="Selenium1.TestNg2" name="l" time="0.009"/>
  <system-out/>
  <testcase classname="Selenium1.TestNg2" name="a" time="0.027"/>
  <system-out/>
</testsuite> <!-- Selenium1.TestNg2 -->
