<?xml version="1.0" encoding="UTF-8"?>
<!-- Generated by org.testng.reporters.JUnitReportReporter -->
<testsuite hostname="DESKTOP-V5N9R93" failures="0" tests="2" name="JavaLogicalProblem.Ovels_String" time="0.021" errors="0" timestamp="2023-12-07T19:28:14 IST" skipped="0">
  <testcase classname="JavaLogicalProblem.Ovels_String" name="test1" time="0.016"/>
  <system-out/>
  <testcase classname="JavaLogicalProblem.Ovels_String" name="test2" time="0.005"/>
  <system-out/>
</testsuite> <!-- JavaLogicalProblem.Ovels_String -->
