<?xml version="1.0" encoding="UTF-8"?>
<!-- Generated by org.testng.reporters.JUnitReportReporter -->
<testsuite hostname="DESKTOP-251HLOB" failures="0" tests="1" name="Selenium2.DatePicker" time="16.548" errors="0" timestamp="2023-03-29T06:24:11 IST" skipped="0">
  <testcase classname="Selenium2.DatePicker" name="selectDate" time="16.548"/>
  <system-out/>
</testsuite> <!-- Selenium2.DatePicker -->
