<?xml version="1.0" encoding="UTF-8"?>
<!-- Generated by org.testng.reporters.JUnitReportReporter -->
<testsuite hostname="DESKTOP-251HLOB" failures="0" tests="3" name="Selenium2.DataProvider_test1" time="111.944" errors="0" timestamp="2023-03-18T07:56:23 IST" skipped="0">
  <testcase classname="Selenium2.DataProvider_test1" name="facebookLogin" time="60.442"/>
  <system-out/>
  <testcase classname="Selenium2.DataProvider_test1" name="facebookLogin" time="25.921"/>
  <system-out/>
  <testcase classname="Selenium2.DataProvider_test1" name="facebookLogin" time="25.581"/>
  <system-out/>
</testsuite> <!-- Selenium2.DataProvider_test1 -->
