<?xml version="1.0" encoding="UTF-8"?>
<!-- Generated by org.testng.reporters.JUnitReportReporter -->
<testsuite hostname="DESKTOP-251HLOB" failures="0" tests="6" name="Selenium2.DataProvider_G" time="69.446" errors="0" timestamp="2023-03-29T17:28:38 IST" skipped="0">
  <testcase classname="Selenium2.DataProvider_G" name="Shopping" time="11.957"/>
  <system-out/>
  <testcase classname="Selenium2.DataProvider_G" name="Shopping" time="10.919"/>
  <system-out/>
  <testcase classname="Selenium2.DataProvider_G" name="Shopping" time="11.319"/>
  <system-out/>
  <testcase classname="Selenium2.DataProvider_G" name="Shopping" time="11.292"/>
  <system-out/>
  <testcase classname="Selenium2.DataProvider_G" name="Shopping" time="12.413"/>
  <system-out/>
  <testcase classname="Selenium2.DataProvider_G" name="Shopping" time="11.546"/>
  <system-out/>
</testsuite> <!-- Selenium2.DataProvider_G -->
