<?xml version="1.0" encoding="UTF-8"?>
<!-- Generated by org.testng.reporters.JUnitReportReporter -->
<testsuite hostname="DESKTOP-V5N9R93" failures="0" tests="7" name="JavaLogicalProblem.Fibonacci_Series" time="0.058" errors="0" timestamp="2023-09-25T06:12:00 IST" skipped="0">
  <testcase classname="JavaLogicalProblem.Fibonacci_Series" name="test" time="0.017"/>
  <system-out/>
  <testcase classname="JavaLogicalProblem.Fibonacci_Series" name="test1" time="0.002"/>
  <system-out/>
  <testcase classname="JavaLogicalProblem.Fibonacci_Series" name="test2" time="0.006"/>
  <system-out/>
  <testcase classname="JavaLogicalProblem.Fibonacci_Series" name="test3" time="0.005"/>
  <system-out/>
  <testcase classname="JavaLogicalProblem.Fibonacci_Series" name="test4" time="0.008"/>
  <system-out/>
  <testcase classname="JavaLogicalProblem.Fibonacci_Series" name="test5" time="0.013"/>
  <system-out/>
  <testcase classname="JavaLogicalProblem.Fibonacci_Series" name="test6" time="0.007"/>
  <system-out/>
</testsuite> <!-- JavaLogicalProblem.Fibonacci_Series -->
