<?xml version="1.0" encoding="UTF-8"?>
<!-- Generated by org.testng.reporters.JUnitReportReporter -->
<testsuite hostname="DESKTOP-251HLOB" failures="0" tests="1" name="Selenium1.TestNg1" time="0.089" errors="0" timestamp="2023-03-17T07:24:52 IST" skipped="0">
  <testcase classname="Selenium1.TestNg1" name="method" time="0.089"/>
  <system-out/>
</testsuite> <!-- Selenium1.TestNg1 -->
