<?xml version="1.0" encoding="UTF-8"?>
<!-- Generated by org.testng.reporters.JUnitReportReporter -->
<testsuite hostname="DESKTOP-V5N9R93" failures="0" tests="4" name="JavaLogicalProblem.PalindromeString" time="0.025" errors="0" timestamp="2023-09-18T06:32:21 IST" skipped="0">
  <testcase classname="JavaLogicalProblem.PalindromeString" name="test1" time="0.013"/>
  <system-out/>
  <testcase classname="JavaLogicalProblem.PalindromeString" name="test2" time="0.003"/>
  <system-out/>
  <testcase classname="JavaLogicalProblem.PalindromeString" name="test3" time="0.005"/>
  <system-out/>
  <testcase classname="JavaLogicalProblem.PalindromeString" name="test4" time="0.004"/>
  <system-out/>
</testsuite> <!-- JavaLogicalProblem.PalindromeString -->
