<?xml version="1.0" encoding="UTF-8"?>
<!-- Generated by org.testng.reporters.JUnitReportReporter -->
<testsuite hostname="DESKTOP-V5N9R93" failures="0" tests="4" name="JavaLogicalProblem.PrimaeNumber" time="0.059" errors="0" timestamp="2023-10-16T05:39:29 IST" skipped="0">
  <testcase classname="JavaLogicalProblem.PrimaeNumber" name="test" time="0.028"/>
  <system-out/>
  <testcase classname="JavaLogicalProblem.PrimaeNumber" name="test1" time="0.005"/>
  <system-out/>
  <testcase classname="JavaLogicalProblem.PrimaeNumber" name="test2" time="0.013"/>
  <system-out/>
  <testcase classname="JavaLogicalProblem.PrimaeNumber" name="test3" time="0.013"/>
  <system-out/>
</testsuite> <!-- JavaLogicalProblem.PrimaeNumber -->
