<?xml version="1.0" encoding="UTF-8"?>
<!-- Generated by org.testng.reporters.JUnitReportReporter -->
<testsuite hostname="DESKTOP-251HLOB" failures="0" tests="5" name="Selenium2.FBRadioButton" time="46.157" errors="0" timestamp="2023-03-28T19:15:02 IST" skipped="1">
  <testcase classname="Selenium2.FBRadioButton" name="day" time="18.756"/>
  <system-out/>
  <testcase classname="Selenium2.FBRadioButton" name="month" time="9.984"/>
  <system-out/>
  <testcase classname="Selenium2.FBRadioButton" name="radio" time="7.922"/>
  <system-out/>
  <testcase classname="Selenium2.FBRadioButton" name="year" time="9.495"/>
  <system-out/>
  <testcase classname="Selenium2.FBRadioButton" name="inputData" time="0.000">
    <skipped/>
  </testcase> <!-- inputData -->
  <system-out/>
</testsuite> <!-- Selenium2.FBRadioButton -->
