<?xml version="1.0" encoding="UTF-8"?>
<!-- Generated by org.testng.reporters.JUnitReportReporter -->
<testsuite hostname="DESKTOP-251HLOB" failures="0" tests="9" name="Selenium1.TestNg6" time="0.080" errors="0" timestamp="2022-06-30T21:19:45 GMT-07:00" skipped="0">
  <testcase classname="Selenium1.TestNg6" name="a7" time="0.025"/>
  <system-out/>
  <testcase classname="Selenium1.TestNg6" name="a" time="0.006"/>
  <system-out/>
  <testcase classname="Selenium1.TestNg6" name="a3" time="0.006"/>
  <system-out/>
  <testcase classname="Selenium1.TestNg6" name="b2" time="0.008"/>
  <system-out/>
  <testcase classname="Selenium1.TestNg6" name="a5" time="0.015"/>
  <system-out/>
  <testcase classname="Selenium1.TestNg6" name="a6" time="0.007"/>
  <system-out/>
  <testcase classname="Selenium1.TestNg6" name="a8" time="0.004"/>
  <system-out/>
  <testcase classname="Selenium1.TestNg6" name="a1" time="0.004"/>
  <system-out/>
  <testcase classname="Selenium1.TestNg6" name="a4" time="0.005"/>
  <system-out/>
</testsuite> <!-- Selenium1.TestNg6 -->
