<?xml version="1.0" encoding="UTF-8"?>
<!-- Generated by org.testng.reporters.JUnitReportReporter -->
<testsuite hostname="DESKTOP-V5N9R93" failures="0" tests="2" name="JavaLogicalProblem.Ovels_String" time="7.132" errors="0" timestamp="2023-09-17T05:52:06 IST" skipped="0">
  <testcase classname="JavaLogicalProblem.Ovels_String" name="test0" time="7.129"/>
  <system-out/>
  <testcase classname="JavaLogicalProblem.Ovels_String" name="test1" time="0.003"/>
  <system-out/>
</testsuite> <!-- JavaLogicalProblem.Ovels_String -->
