<?xml version="1.0" encoding="UTF-8"?>
<!-- Generated by org.testng.reporters.JUnitReportReporter -->
<testsuite hostname="DESKTOP-V5N9R93" failures="0" tests="2" name="JavaProject.Arrays_In_Sorted" time="0.029" errors="0" timestamp="2023-09-02T06:31:26 IST" skipped="0">
  <testcase classname="JavaProject.Arrays_In_Sorted" name="test0" time="0.021"/>
  <system-out/>
  <testcase classname="JavaProject.Arrays_In_Sorted" name="test1" time="0.008"/>
  <system-out/>
</testsuite> <!-- JavaProject.Arrays_In_Sorted -->
