<?xml version="1.0" encoding="UTF-8"?>
<!-- Generated by org.testng.reporters.JUnitReportReporter -->
<testsuite hostname="DESKTOP-251HLOB" failures="0" tests="4" name="Selenium1.TestNg8" time="0.056" errors="0" timestamp="2022-07-05T15:55:05 GMT-07:00" skipped="1">
  <testcase classname="Selenium1.TestNg8" name="a" time="0.022"/>
  <system-out/>
  <testcase classname="Selenium1.TestNg8" name="c" time="0.025"/>
  <system-out/>
  <testcase classname="Selenium1.TestNg8" name="c" time="0.009"/>
  <system-out/>
  <testcase classname="Selenium1.TestNg8" name="b">
    <skipped/>
  </testcase> <!-- b -->
  <system-out/>
</testsuite> <!-- Selenium1.TestNg8 -->
