<?xml version="1.0" encoding="UTF-8"?>
<!-- Generated by org.testng.reporters.JUnitReportReporter -->
<testsuite hostname="DESKTOP-V5N9R93" failures="0" tests="1" name="Selenium2.Assertaions" time="13.385" errors="0" timestamp="2023-04-26T05:30:34 IST" skipped="0">
  <testcase classname="Selenium2.Assertaions" name="testMethod" time="13.385"/>
  <system-out/>
</testsuite> <!-- Selenium2.Assertaions -->
