<?xml version="1.0" encoding="UTF-8"?>
<!-- Generated by org.testng.reporters.JUnitReportReporter -->
<testsuite hostname="DESKTOP-V5N9R93" failures="0" tests="4" name="JavaLogicalProblem.Count_Vowels" time="0.026" errors="0" timestamp="2023-09-14T17:33:22 IST" skipped="0">
  <testcase classname="JavaLogicalProblem.Count_Vowels" name="test1" time="0.016"/>
  <system-out/>
  <testcase classname="JavaLogicalProblem.Count_Vowels" name="test2" time="0.002"/>
  <system-out/>
  <testcase classname="JavaLogicalProblem.Count_Vowels" name="test3" time="0.005"/>
  <system-out/>
  <testcase classname="JavaLogicalProblem.Count_Vowels" name="test4" time="0.003"/>
  <system-out/>
</testsuite> <!-- JavaLogicalProblem.Count_Vowels -->
