<?xml version="1.0" encoding="UTF-8"?>
<!-- Generated by org.testng.reporters.JUnitReportReporter -->
<testsuite hostname="DESKTOP-V5N9R93" failures="0" tests="5" name="JavaLogicalProblem.Array_to_String" time="0.026" errors="0" timestamp="2023-09-25T05:25:36 IST" skipped="0">
  <testcase classname="JavaLogicalProblem.Array_to_String" name="test0" time="0.012"/>
  <system-out/>
  <testcase classname="JavaLogicalProblem.Array_to_String" name="test1" time="0.002"/>
  <system-out/>
  <testcase classname="JavaLogicalProblem.Array_to_String" name="test2" time="0.005"/>
  <system-out/>
  <testcase classname="JavaLogicalProblem.Array_to_String" name="test3" time="0.002"/>
  <system-out/>
  <testcase classname="JavaLogicalProblem.Array_to_String" name="test4" time="0.005"/>
  <system-out/>
</testsuite> <!-- JavaLogicalProblem.Array_to_String -->
