<?xml version="1.0" encoding="UTF-8"?>
<!-- Generated by org.testng.reporters.JUnitReportReporter -->
<testsuite hostname="DESKTOP-V5N9R93" failures="0" tests="1" name="sep23.DropDown" time="35.968" errors="0" timestamp="2023-09-29T17:57:15 IST" skipped="0">
  <testcase classname="sep23.DropDown" name="test" time="35.968"/>
  <system-out/>
</testsuite> <!-- sep23.DropDown -->
