<?xml version="1.0" encoding="UTF-8"?>
<!-- Generated by org.testng.reporters.JUnitReportReporter -->
<testsuite hostname="DESKTOP-V5N9R93" failures="0" tests="1" name="Aug15th.FrameDemo03" time="4.631" errors="0" timestamp="2023-08-30T05:06:40 IST" skipped="0">
  <testcase classname="Aug15th.FrameDemo03" name="handleFrame" time="4.631"/>
  <system-out/>
</testsuite> <!-- Aug15th.FrameDemo03 -->
