<?xml version="1.0" encoding="UTF-8"?>
<!-- Generated by org.testng.reporters.JUnitReportReporter -->
<testsuite hostname="DESKTOP-V5N9R93" failures="0" tests="2" name="Aug15th.WindoHandleDemo01" time="8.937" errors="0" timestamp="2023-09-24T05:38:51 IST" skipped="0">
  <testcase classname="Aug15th.WindoHandleDemo01" name="singleWindow" time="4.346"/>
  <system-out/>
  <testcase classname="Aug15th.WindoHandleDemo01" name="multipleWindow" time="4.591"/>
  <system-out/>
</testsuite> <!-- Aug15th.WindoHandleDemo01 -->
