<?xml version="1.0" encoding="UTF-8"?>
<!-- Generated by org.testng.reporters.JUnitReportReporter -->
<testsuite hostname="DESKTOP-V5N9R93" failures="0" tests="1" name="Aug15th.Alert_Demo" time="13.667" errors="0" timestamp="2023-09-11T18:07:44 IST" skipped="0">
  <testcase classname="Aug15th.Alert_Demo" name="test5" time="13.667"/>
  <system-out/>
</testsuite> <!-- Aug15th.Alert_Demo -->
