<?xml version="1.0" encoding="UTF-8"?>
<!-- Generated by org.testng.reporters.JUnitReportReporter -->
<testsuite hostname="DESKTOP-V5N9R93" failures="0" tests="3" name="June212023.HandleMultipleWindows" time="117.412" errors="0" timestamp="2023-07-07T16:55:36 IST" skipped="0">
  <testcase classname="June212023.HandleMultipleWindows" name="test01" time="18.558"/>
  <system-out/>
  <testcase classname="June212023.HandleMultipleWindows" name="test02" time="82.009"/>
  <system-out/>
  <testcase classname="June212023.HandleMultipleWindows" name="test03" time="16.845"/>
  <system-out/>
</testsuite> <!-- June212023.HandleMultipleWindows -->
