<?xml version="1.0" encoding="UTF-8"?>
<!-- Generated by org.testng.reporters.JUnitReportReporter -->
<testsuite hostname="DESKTOP-V5N9R93" failures="0" tests="1" name="JavaLogicalProblem.LongestWordInString" time="0.017" errors="0" timestamp="2023-10-16T05:47:32 IST" skipped="0">
  <testcase classname="JavaLogicalProblem.LongestWordInString" name="test2" time="0.017"/>
  <system-out/>
</testsuite> <!-- JavaLogicalProblem.LongestWordInString -->
