<?xml version="1.0" encoding="UTF-8"?>
<!-- Generated by org.testng.reporters.JUnitReportReporter -->
<testsuite hostname="DESKTOP-V5N9R93" failures="0" tests="2" name="JavaProject.Convert_UpperCase_toLower" time="0.036" errors="0" timestamp="2023-09-02T06:40:51 IST" skipped="0">
  <testcase classname="JavaProject.Convert_UpperCase_toLower" name="test0" time="0.033"/>
  <system-out/>
  <testcase classname="JavaProject.Convert_UpperCase_toLower" name="test1" time="0.003"/>
  <system-out/>
</testsuite> <!-- JavaProject.Convert_UpperCase_toLower -->
