<?xml version="1.0" encoding="UTF-8"?>
<!-- Generated by org.testng.reporters.JUnitReportReporter -->
<testsuite hostname="DESKTOP-V5N9R93" failures="0" tests="10" name="JavaLogicalProblem.ArmstrongNumber" time="0.032" errors="0" timestamp="2023-09-16T17:22:06 IST" skipped="0">
  <testcase classname="JavaLogicalProblem.ArmstrongNumber" name="test2" time="0.011"/>
  <system-out/>
  <testcase classname="JavaLogicalProblem.ArmstrongNumber" name="test3" time="0.002"/>
  <system-out/>
  <testcase classname="JavaLogicalProblem.ArmstrongNumber" name="test4" time="0.003"/>
  <system-out/>
  <testcase classname="JavaLogicalProblem.ArmstrongNumber" name="test5" time="0.002"/>
  <system-out/>
  <testcase classname="JavaLogicalProblem.ArmstrongNumber" name="test6" time="0.003"/>
  <system-out/>
  <testcase classname="JavaLogicalProblem.ArmstrongNumber" name="test7" time="0.001"/>
  <system-out/>
  <testcase classname="JavaLogicalProblem.ArmstrongNumber" name="test8" time="0.002"/>
  <system-out/>
  <testcase classname="JavaLogicalProblem.ArmstrongNumber" name="test9" time="0.003"/>
  <system-out/>
  <testcase classname="JavaLogicalProblem.ArmstrongNumber" name="test10" time="0.003"/>
  <system-out/>
  <testcase classname="JavaLogicalProblem.ArmstrongNumber" name="test11" time="0.002"/>
  <system-out/>
</testsuite> <!-- JavaLogicalProblem.ArmstrongNumber -->
