<?xml version="1.0" encoding="UTF-8"?>
<!-- Generated by org.testng.reporters.JUnitReportReporter -->
<testsuite hostname="DESKTOP-V5N9R93" failures="0" tests="1" name="June212023.FluentWait" time="28.176" errors="0" timestamp="2023-07-01T05:41:27 IST" skipped="0">
  <testcase classname="June212023.FluentWait" name="test" time="28.176"/>
  <system-out/>
</testsuite> <!-- June212023.FluentWait -->
