<?xml version="1.0" encoding="UTF-8"?>
<!-- Generated by org.testng.reporters.JUnitReportReporter -->
<testsuite hostname="DESKTOP-V5N9R93" failures="0" tests="1" name="Aug15th.Actions_demo" time="6.091" errors="0" timestamp="2023-08-31T05:19:12 IST" skipped="0">
  <testcase classname="Aug15th.Actions_demo" name="test" time="6.091"/>
  <system-out/>
</testsuite> <!-- Aug15th.Actions_demo -->
