<?xml version="1.0" encoding="UTF-8"?>
<!-- Generated by org.testng.reporters.JUnitReportReporter -->
<testsuite hostname="DESKTOP-V5N9R93" failures="0" tests="1" name="Aug15th.NaukriApply" time="26.816" errors="0" timestamp="2023-09-06T06:49:09 IST" skipped="0">
  <testcase classname="Aug15th.NaukriApply" name="test" time="26.816"/>
  <system-out/>
</testsuite> <!-- Aug15th.NaukriApply -->
