<?xml version="1.0" encoding="UTF-8"?>
<!-- Generated by org.testng.reporters.JUnitReportReporter -->
<testsuite hostname="DESKTOP-V5N9R93" failures="0" tests="4" name="JavaLogicalProblem.Arrays_In_Sorted" time="0.028" errors="0" timestamp="2023-09-09T06:19:51 IST" skipped="0">
  <testcase classname="JavaLogicalProblem.Arrays_In_Sorted" name="test0" time="0.017"/>
  <system-out/>
  <testcase classname="JavaLogicalProblem.Arrays_In_Sorted" name="test1" time="0.003"/>
  <system-out/>
  <testcase classname="JavaLogicalProblem.Arrays_In_Sorted" name="test2" time="0.004"/>
  <system-out/>
  <testcase classname="JavaLogicalProblem.Arrays_In_Sorted" name="test3" time="0.004"/>
  <system-out/>
</testsuite> <!-- JavaLogicalProblem.Arrays_In_Sorted -->
