<?xml version="1.0" encoding="UTF-8"?>
<!-- Generated by org.testng.reporters.JUnitReportReporter -->
<testsuite hostname="DESKTOP-V5N9R93" failures="0" tests="1" name="Aug15th.Alert" time="12.873" errors="0" timestamp="2023-08-15T12:39:01 IST" skipped="0">
  <testcase classname="Aug15th.Alert" name="demo" time="12.873"/>
  <system-out/>
</testsuite> <!-- Aug15th.Alert -->
