<?xml version="1.0" encoding="UTF-8"?>
<!-- Generated by org.testng.reporters.JUnitReportReporter -->
<testsuite hostname="DESKTOP-V5N9R93" failures="0" tests="4" name="JavaLogicalProblem.Array_to_String" time="0.030" errors="0" timestamp="2023-09-14T17:20:41 IST" skipped="0">
  <testcase classname="JavaLogicalProblem.Array_to_String" name="test0" time="0.020"/>
  <system-out/>
  <testcase classname="JavaLogicalProblem.Array_to_String" name="test1" time="0.002"/>
  <system-out/>
  <testcase classname="JavaLogicalProblem.Array_to_String" name="test2" time="0.006"/>
  <system-out/>
  <testcase classname="JavaLogicalProblem.Array_to_String" name="test3" time="0.002"/>
  <system-out/>
</testsuite> <!-- JavaLogicalProblem.Array_to_String -->
