<?xml version="1.0" encoding="UTF-8"?>
<!-- Generated by org.testng.reporters.JUnitReportReporter -->
<testsuite hostname="DESKTOP-V5N9R93" failures="0" tests="5" name="JavaLogicalProblem.Generate_random_number_String" time="0.023" errors="0" timestamp="2023-09-15T06:24:23 IST" skipped="0">
  <testcase classname="JavaLogicalProblem.Generate_random_number_String" name="test" time="0.012"/>
  <system-out/>
  <testcase classname="JavaLogicalProblem.Generate_random_number_String" name="test1" time="0.002"/>
  <system-out/>
  <testcase classname="JavaLogicalProblem.Generate_random_number_String" name="test2" time="0.006"/>
  <system-out/>
  <testcase classname="JavaLogicalProblem.Generate_random_number_String" name="test3" time="0.002"/>
  <system-out/>
  <testcase classname="JavaLogicalProblem.Generate_random_number_String" name="test4" time="0.001"/>
  <system-out/>
</testsuite> <!-- JavaLogicalProblem.Generate_random_number_String -->
