<?xml version="1.0" encoding="UTF-8"?>
<!-- Generated by org.testng.reporters.JUnitReportReporter -->
<testsuite hostname="DESKTOP-V5N9R93" failures="0" tests="1" name="ArraysPrograms.Demo" time="0.022" errors="0" timestamp="2023-08-27T17:49:09 IST" skipped="0">
  <testcase classname="ArraysPrograms.Demo" name="even" time="0.022"/>
  <system-out/>
</testsuite> <!-- ArraysPrograms.Demo -->
