<?xml version="1.0" encoding="UTF-8"?>
<!-- Generated by org.testng.reporters.JUnitReportReporter -->
<testsuite hostname="DESKTOP-V5N9R93" failures="0" tests="13" name="JavaLogicalProblem.Reverse_Number" time="0.062" errors="0" timestamp="2023-09-16T17:13:39 IST" skipped="0">
  <testcase classname="JavaLogicalProblem.Reverse_Number" name="test1" time="0.011"/>
  <system-out/>
  <testcase classname="JavaLogicalProblem.Reverse_Number" name="test2" time="0.002"/>
  <system-out/>
  <testcase classname="JavaLogicalProblem.Reverse_Number" name="test3" time="0.004"/>
  <system-out/>
  <testcase classname="JavaLogicalProblem.Reverse_Number" name="test4" time="0.007"/>
  <system-out/>
  <testcase classname="JavaLogicalProblem.Reverse_Number" name="test5" time="0.005"/>
  <system-out/>
  <testcase classname="JavaLogicalProblem.Reverse_Number" name="test6" time="0.005"/>
  <system-out/>
  <testcase classname="JavaLogicalProblem.Reverse_Number" name="test7" time="0.004"/>
  <system-out/>
  <testcase classname="JavaLogicalProblem.Reverse_Number" name="test8" time="0.006"/>
  <system-out/>
  <testcase classname="JavaLogicalProblem.Reverse_Number" name="test9" time="0.002"/>
  <system-out/>
  <testcase classname="JavaLogicalProblem.Reverse_Number" name="test10" time="0.006"/>
  <system-out/>
  <testcase classname="JavaLogicalProblem.Reverse_Number" name="test11" time="0.003"/>
  <system-out/>
  <testcase classname="JavaLogicalProblem.Reverse_Number" name="test12" time="0.003"/>
  <system-out/>
  <testcase classname="JavaLogicalProblem.Reverse_Number" name="test13" time="0.004"/>
  <system-out/>
</testsuite> <!-- JavaLogicalProblem.Reverse_Number -->
