<?xml version="1.0" encoding="UTF-8"?>
<!-- Generated by org.testng.reporters.JUnitReportReporter -->
<testsuite hostname="DESKTOP-V5N9R93" failures="0" tests="1" name="Aug15th.GroupBy" time="0.013" errors="0" timestamp="2023-09-03T05:09:04 IST" skipped="0">
  <testcase classname="Aug15th.GroupBy" name="test0" time="0.013"/>
  <system-out/>
</testsuite> <!-- Aug15th.GroupBy -->
