<?xml version="1.0" encoding="UTF-8"?>
<!-- Generated by org.testng.reporters.JUnitReportReporter -->
<testsuite hostname="DESKTOP-V5N9R93" failures="0" tests="1" name="Aug15th.DataProvider_Demo" time="0.000" errors="0" timestamp="2023-09-24T05:40:27 IST" skipped="1">
  <testcase classname="Aug15th.DataProvider_Demo" name="test0" time="0.000">
    <skipped/>
  </testcase> <!-- test0 -->
  <system-out/>
</testsuite> <!-- Aug15th.DataProvider_Demo -->
