<?xml version="1.0" encoding="UTF-8"?>
<!-- Generated by org.testng.reporters.JUnitReportReporter -->
<testsuite hostname="DESKTOP-V5N9R93" failures="0" tests="1" name="JavaProject.swap_Two_numbers" time="0.012" errors="0" timestamp="2023-08-29T16:12:25 IST" skipped="0">
  <testcase classname="JavaProject.swap_Two_numbers" name="demo01" time="0.012"/>
  <system-out/>
</testsuite> <!-- JavaProject.swap_Two_numbers -->
