<?xml version="1.0" encoding="UTF-8"?>
<!-- Generated by org.testng.reporters.JUnitReportReporter -->
<testsuite hostname="DESKTOP-V5N9R93" failures="0" tests="4" name="JavaLogicalProblem.CountEven_And_OddDigits_InNumber" time="0.034" errors="0" timestamp="2023-09-14T17:54:11 IST" skipped="0">
  <testcase classname="JavaLogicalProblem.CountEven_And_OddDigits_InNumber" name="test0" time="0.018"/>
  <system-out/>
  <testcase classname="JavaLogicalProblem.CountEven_And_OddDigits_InNumber" name="test1" time="0.008"/>
  <system-out/>
  <testcase classname="JavaLogicalProblem.CountEven_And_OddDigits_InNumber" name="test2" time="0.006"/>
  <system-out/>
  <testcase classname="JavaLogicalProblem.CountEven_And_OddDigits_InNumber" name="test" time="0.002"/>
  <system-out/>
</testsuite> <!-- JavaLogicalProblem.CountEven_And_OddDigits_InNumber -->
