<?xml version="1.0" encoding="UTF-8"?>
<!-- Generated by org.testng.reporters.JUnitReportReporter -->
<testsuite hostname="DESKTOP-V5N9R93" failures="0" tests="6" name="Aug15th.Demo_DataProvider" time="37.937" errors="0" timestamp="2023-09-03T05:49:00 IST" skipped="0">
  <testcase classname="Aug15th.Demo_DataProvider" name="Register" time="7.135"/>
  <system-out/>
  <testcase classname="Aug15th.Demo_DataProvider" name="Register" time="5.465"/>
  <system-out/>
  <testcase classname="Aug15th.Demo_DataProvider" name="Register" time="5.517"/>
  <system-out/>
  <testcase classname="Aug15th.Demo_DataProvider" name="Register" time="8.409"/>
  <system-out/>
  <testcase classname="Aug15th.Demo_DataProvider" name="Register" time="6.132"/>
  <system-out/>
  <testcase classname="Aug15th.Demo_DataProvider" name="Register" time="5.279"/>
  <system-out/>
</testsuite> <!-- Aug15th.Demo_DataProvider -->
