<?xml version="1.0" encoding="UTF-8"?>
<!-- Generated by org.testng.reporters.JUnitReportReporter -->
<testsuite hostname="DESKTOP-251HLOB" failures="0" tests="1" name="Selenium2.Parallel_Test_2" time="18.963" errors="0" timestamp="2023-03-30T07:12:14 IST" skipped="0">
  <testcase classname="Selenium2.Parallel_Test_2" name="login" time="18.963"/>
  <system-out/>
</testsuite> <!-- Selenium2.Parallel_Test_2 -->
