<?xml version="1.0" encoding="UTF-8"?>
<!-- Generated by org.testng.reporters.JUnitReportReporter -->
<testsuite hostname="DESKTOP-V5N9R93" failures="0" tests="12" name="JavaLogicalProblem.DemoPalindrome" time="0.067" errors="0" timestamp="2023-10-02T06:10:16 IST" skipped="0">
  <testcase classname="JavaLogicalProblem.DemoPalindrome" name="test1" time="0.021"/>
  <system-out/>
  <testcase classname="JavaLogicalProblem.DemoPalindrome" name="test2" time="0.004"/>
  <system-out/>
  <testcase classname="JavaLogicalProblem.DemoPalindrome" name="test3" time="0.005"/>
  <system-out/>
  <testcase classname="JavaLogicalProblem.DemoPalindrome" name="test4" time="0.002"/>
  <system-out/>
  <testcase classname="JavaLogicalProblem.DemoPalindrome" name="test5" time="0.013"/>
  <system-out/>
  <testcase classname="JavaLogicalProblem.DemoPalindrome" name="test6" time="0.002"/>
  <system-out/>
  <testcase classname="JavaLogicalProblem.DemoPalindrome" name="test7" time="0.004"/>
  <system-out/>
  <testcase classname="JavaLogicalProblem.DemoPalindrome" name="test8" time="0.005"/>
  <system-out/>
  <testcase classname="JavaLogicalProblem.DemoPalindrome" name="test9" time="0.002"/>
  <system-out/>
  <testcase classname="JavaLogicalProblem.DemoPalindrome" name="test10" time="0.004"/>
  <system-out/>
  <testcase classname="JavaLogicalProblem.DemoPalindrome" name="test11" time="0.003"/>
  <system-out/>
  <testcase classname="JavaLogicalProblem.DemoPalindrome" name="test12" time="0.002"/>
  <system-out/>
</testsuite> <!-- JavaLogicalProblem.DemoPalindrome -->
