<?xml version="1.0" encoding="UTF-8"?>
<!-- Generated by org.testng.reporters.JUnitReportReporter -->
<testsuite hostname="DESKTOP-V5N9R93" failures="0" tests="4" name="JavaLogicalProblem.CountNumberOfDigitsInNumber" time="0.053" errors="0" timestamp="2023-09-15T05:55:08 IST" skipped="0">
  <testcase classname="JavaLogicalProblem.CountNumberOfDigitsInNumber" name="test0" time="0.016"/>
  <system-out/>
  <testcase classname="JavaLogicalProblem.CountNumberOfDigitsInNumber" name="test1" time="0.004"/>
  <system-out/>
  <testcase classname="JavaLogicalProblem.CountNumberOfDigitsInNumber" name="test3" time="0.006"/>
  <system-out/>
  <testcase classname="JavaLogicalProblem.CountNumberOfDigitsInNumber" name="test4" time="0.027"/>
  <system-out/>
</testsuite> <!-- JavaLogicalProblem.CountNumberOfDigitsInNumber -->
