<?xml version="1.0" encoding="UTF-8"?>
<!-- Generated by org.testng.reporters.JUnitReportReporter -->
<testsuite hostname="DESKTOP-V5N9R93" failures="0" tests="1" name="Aug15th.AutoSuggestion" time="3.711" errors="0" timestamp="2023-09-02T05:55:08 IST" skipped="0">
  <testcase classname="Aug15th.AutoSuggestion" name="test0" time="3.711"/>
  <system-out/>
</testsuite> <!-- Aug15th.AutoSuggestion -->
