<?xml version="1.0" encoding="UTF-8"?>
<!-- Generated by org.testng.reporters.JUnitReportReporter -->
<testsuite hostname="DESKTOP-251HLOB" failures="0" tests="3" name="Selenium2.TestNg_Data_Provider" time="58.076" errors="0" timestamp="2023-03-18T06:41:26 IST" skipped="0">
  <testcase classname="Selenium2.TestNg_Data_Provider" name="data_Provider" time="14.479"/>
  <system-out/>
  <testcase classname="Selenium2.TestNg_Data_Provider" name="data_Provider" time="16.148"/>
  <system-out/>
  <testcase classname="Selenium2.TestNg_Data_Provider" name="data_Provider" time="27.449"/>
  <system-out/>
</testsuite> <!-- Selenium2.TestNg_Data_Provider -->
