<?xml version="1.0" encoding="UTF-8"?>
<!-- Generated by org.testng.reporters.JUnitReportReporter -->
<testsuite hostname="DESKTOP-V5N9R93" failures="0" tests="1" name="ArraysPrograms.Demo01" time="0.013" errors="0" timestamp="2023-08-30T05:39:31 IST" skipped="0">
  <testcase classname="ArraysPrograms.Demo01" name="practice" time="0.013"/>
  <system-out/>
</testsuite> <!-- ArraysPrograms.Demo01 -->
