<?xml version="1.0" encoding="UTF-8"?>
<!-- Generated by org.testng.reporters.JUnitReportReporter -->
<testsuite hostname="DESKTOP-V5N9R93" failures="0" tests="2" name="JavaLogicalProblem.IndexOf_String" time="0.017" errors="0" timestamp="2023-09-15T06:29:30 IST" skipped="0">
  <testcase classname="JavaLogicalProblem.IndexOf_String" name="test0" time="0.015"/>
  <system-out/>
  <testcase classname="JavaLogicalProblem.IndexOf_String" name="test1" time="0.002"/>
  <system-out/>
</testsuite> <!-- JavaLogicalProblem.IndexOf_String -->
