<?xml version="1.0" encoding="UTF-8"?>
<!-- Generated by org.testng.reporters.JUnitReportReporter -->
<testsuite hostname="DESKTOP-V5N9R93" failures="0" tests="4" name="Selenium2.NopCommerce" time="50.727" errors="0" timestamp="2023-08-04T16:51:24 IST" skipped="0">
  <testcase classname="Selenium2.NopCommerce" name="getData" time="9.157"/>
  <system-out/>
  <testcase classname="Selenium2.NopCommerce" name="getData" time="11.011"/>
  <system-out/>
  <testcase classname="Selenium2.NopCommerce" name="getData" time="22.132"/>
  <system-out/>
  <testcase classname="Selenium2.NopCommerce" name="getData" time="8.427"/>
  <system-out/>
</testsuite> <!-- Selenium2.NopCommerce -->
