<?xml version="1.0" encoding="UTF-8"?>
<!-- Generated by org.testng.reporters.JUnitReportReporter -->
<testsuite hostname="DESKTOP-V5N9R93" failures="0" tests="1" name="Aug15th.MultipleDropdown" time="4.723" errors="0" timestamp="2023-08-28T05:24:21 IST" skipped="0">
  <testcase classname="Aug15th.MultipleDropdown" name="fbMultiple" time="4.723"/>
  <system-out/>
</testsuite> <!-- Aug15th.MultipleDropdown -->
