<?xml version="1.0" encoding="UTF-8"?>
<!-- Generated by org.testng.reporters.JUnitReportReporter -->
<testsuite hostname="DESKTOP-V5N9R93" failures="0" tests="1" name="Aug15th.FileUploads" time="5.945" errors="0" timestamp="2023-08-30T04:30:08 IST" skipped="0">
  <testcase classname="Aug15th.FileUploads" name="uploadFile" time="5.945"/>
  <system-out/>
</testsuite> <!-- Aug15th.FileUploads -->
