<?xml version="1.0" encoding="UTF-8"?>
<!-- Generated by org.testng.reporters.JUnitReportReporter -->
<testsuite hostname="DESKTOP-V5N9R93" failures="0" tests="3" name="JavaLogicalProblem.ReplaceStringCharacter" time="0.023" errors="0" timestamp="2023-09-15T17:43:36 IST" skipped="0">
  <testcase classname="JavaLogicalProblem.ReplaceStringCharacter" name="test0" time="0.013"/>
  <system-out/>
  <testcase classname="JavaLogicalProblem.ReplaceStringCharacter" name="test1" time="0.007"/>
  <system-out/>
  <testcase classname="JavaLogicalProblem.ReplaceStringCharacter" name="test2" time="0.003"/>
  <system-out/>
</testsuite> <!-- JavaLogicalProblem.ReplaceStringCharacter -->
