<?xml version="1.0" encoding="UTF-8"?>
<!-- Generated by org.testng.reporters.JUnitReportReporter -->
<testsuite hostname="DESKTOP-V5N9R93" failures="0" tests="1" name="Aug15th.GetText_GetAttribute" time="41.190" errors="0" timestamp="2023-09-14T17:00:02 IST" skipped="0">
  <testcase classname="Aug15th.GetText_GetAttribute" name="test" time="41.190"/>
  <system-out/>
</testsuite> <!-- Aug15th.GetText_GetAttribute -->
