<?xml version="1.0" encoding="UTF-8"?>
<!-- Generated by org.testng.reporters.JUnitReportReporter -->
<testsuite hostname="DESKTOP-V5N9R93" failures="0" tests="2" name="JavaLogicalProblem.PrimeNumber" time="0.025" errors="0" timestamp="2023-09-30T06:29:32 IST" skipped="0">
  <testcase classname="JavaLogicalProblem.PrimeNumber" name="test0" time="0.016"/>
  <system-out/>
  <testcase classname="JavaLogicalProblem.PrimeNumber" name="test1" time="0.009"/>
  <system-out/>
</testsuite> <!-- JavaLogicalProblem.PrimeNumber -->
