<?xml version="1.0" encoding="UTF-8"?>
<!-- Generated by org.testng.reporters.JUnitReportReporter -->
<testsuite hostname="DESKTOP-V5N9R93" failures="0" tests="13" name="JavaLogicalProblem.ArmstrongNumber" time="0.078" errors="0" timestamp="2023-10-01T15:53:05 IST" skipped="0">
  <testcase classname="JavaLogicalProblem.ArmstrongNumber" name="test2" time="0.016"/>
  <system-out/>
  <testcase classname="JavaLogicalProblem.ArmstrongNumber" name="test3" time="0.002"/>
  <system-out/>
  <testcase classname="JavaLogicalProblem.ArmstrongNumber" name="test4" time="0.006"/>
  <system-out/>
  <testcase classname="JavaLogicalProblem.ArmstrongNumber" name="test5" time="0.004"/>
  <system-out/>
  <testcase classname="JavaLogicalProblem.ArmstrongNumber" name="test6" time="0.004"/>
  <system-out/>
  <testcase classname="JavaLogicalProblem.ArmstrongNumber" name="test7" time="0.015"/>
  <system-out/>
  <testcase classname="JavaLogicalProblem.ArmstrongNumber" name="test8" time="0.003"/>
  <system-out/>
  <testcase classname="JavaLogicalProblem.ArmstrongNumber" name="test9" time="0.003"/>
  <system-out/>
  <testcase classname="JavaLogicalProblem.ArmstrongNumber" name="test10" time="0.005"/>
  <system-out/>
  <testcase classname="JavaLogicalProblem.ArmstrongNumber" name="test11" time="0.004"/>
  <system-out/>
  <testcase classname="JavaLogicalProblem.ArmstrongNumber" name="test12" time="0.003"/>
  <system-out/>
  <testcase classname="JavaLogicalProblem.ArmstrongNumber" name="test13" time="0.009"/>
  <system-out/>
  <testcase classname="JavaLogicalProblem.ArmstrongNumber" name="magic" time="0.004"/>
  <system-out/>
</testsuite> <!-- JavaLogicalProblem.ArmstrongNumber -->
