<?xml version="1.0" encoding="UTF-8"?>
<!-- Generated by org.testng.reporters.JUnitReportReporter -->
<testsuite hostname="DESKTOP-V5N9R93" failures="0" tests="3" name="JavaLogicalProblem.Largest_Number" time="0.025" errors="0" timestamp="2023-09-17T05:55:50 IST" skipped="0">
  <testcase classname="JavaLogicalProblem.Largest_Number" name="test" time="0.013"/>
  <system-out/>
  <testcase classname="JavaLogicalProblem.Largest_Number" name="test1" time="0.002"/>
  <system-out/>
  <testcase classname="JavaLogicalProblem.Largest_Number" name="test2" time="0.010"/>
  <system-out/>
</testsuite> <!-- JavaLogicalProblem.Largest_Number -->
