<?xml version="1.0" encoding="UTF-8"?>
<!-- Generated by org.testng.reporters.JUnitReportReporter -->
<testsuite hostname="DESKTOP-V5N9R93" failures="0" tests="5" name="JavaLogicalProblem.Count_Vowels" time="0.027" errors="0" timestamp="2023-09-25T05:32:18 IST" skipped="0">
  <testcase classname="JavaLogicalProblem.Count_Vowels" name="test1" time="0.012"/>
  <system-out/>
  <testcase classname="JavaLogicalProblem.Count_Vowels" name="test2" time="0.002"/>
  <system-out/>
  <testcase classname="JavaLogicalProblem.Count_Vowels" name="test3" time="0.006"/>
  <system-out/>
  <testcase classname="JavaLogicalProblem.Count_Vowels" name="test4" time="0.004"/>
  <system-out/>
  <testcase classname="JavaLogicalProblem.Count_Vowels" name="test5" time="0.003"/>
  <system-out/>
</testsuite> <!-- JavaLogicalProblem.Count_Vowels -->
