<?xml version="1.0" encoding="UTF-8"?>
<!-- Generated by org.testng.reporters.JUnitReportReporter -->
<testsuite hostname="DESKTOP-251HLOB" failures="0" tests="6" name="Selenium2.TestNg_Test" time="76.527" errors="0" timestamp="2023-03-17T18:11:07 IST" skipped="0">
  <testcase classname="Selenium2.TestNg_Test" name="amazon" time="27.705"/>
  <system-out/>
  <testcase classname="Selenium2.TestNg_Test" name="fibonacci" time="0.007"/>
  <system-out/>
  <testcase classname="Selenium2.TestNg_Test" name="testFacebook" time="10.428"/>
  <system-out/>
  <testcase classname="Selenium2.TestNg_Test" name="test1" time="17.733"/>
  <system-out/>
  <testcase classname="Selenium2.TestNg_Test" name="testGoogle" time="20.645"/>
  <system-out/>
  <testcase classname="Selenium2.TestNg_Test" name="randomNum" time="0.009"/>
  <system-out/>
</testsuite> <!-- Selenium2.TestNg_Test -->
