<?xml version="1.0" encoding="UTF-8"?>
<!-- Generated by org.testng.reporters.JUnitReportReporter -->
<testsuite hostname="DESKTOP-V5N9R93" failures="0" tests="6" name="Aug15th.Demo_Screenshot" time="39.751" errors="0" timestamp="2023-08-24T05:53:04 IST" skipped="0">
  <testcase classname="Aug15th.Demo_Screenshot" name="screenshot" time="12.681"/>
  <system-out/>
  <testcase classname="Aug15th.Demo_Screenshot" name="screenshot" time="5.350"/>
  <system-out/>
  <testcase classname="Aug15th.Demo_Screenshot" name="screenshot" time="5.409"/>
  <system-out/>
  <testcase classname="Aug15th.Demo_Screenshot" name="screenshot" time="5.675"/>
  <system-out/>
  <testcase classname="Aug15th.Demo_Screenshot" name="screenshot" time="5.076"/>
  <system-out/>
  <testcase classname="Aug15th.Demo_Screenshot" name="screenshot" time="5.560"/>
  <system-out/>
</testsuite> <!-- Aug15th.Demo_Screenshot -->
