<?xml version="1.0" encoding="UTF-8"?>
<!-- Generated by org.testng.reporters.JUnitReportReporter -->
<testsuite hostname="DESKTOP-251HLOB" failures="0" tests="5" name="Selenium1.TestNg7" time="0.029" errors="0" timestamp="2022-07-05T20:02:53 GMT-07:00" skipped="2">
  <testcase classname="Selenium1.TestNg7" name="e" time="0.004">
    <skipped/>
  </testcase> <!-- e -->
  <system-out/>
  <testcase classname="Selenium1.TestNg7" name="a" time="0.020"/>
  <system-out/>
  <testcase classname="Selenium1.TestNg7" name="c" time="0.002"/>
  <system-out/>
  <testcase classname="Selenium1.TestNg7" name="c" time="0.003"/>
  <system-out/>
  <testcase classname="Selenium1.TestNg7" name="b">
    <skipped/>
  </testcase> <!-- b -->
  <system-out/>
</testsuite> <!-- Selenium1.TestNg7 -->
