<?xml version="1.0" encoding="UTF-8"?>
<!-- Generated by org.testng.reporters.JUnitReportReporter -->
<testsuite hostname="DESKTOP-251HLOB" failures="0" tests="7" name="Selenium2.TestNgChapte02" time="0.073" errors="0" timestamp="2023-04-03T19:17:35 IST" skipped="0">
  <testcase classname="Selenium2.TestNgChapte02" name="test03" time="0.002"/>
  <system-out/>
  <testcase classname="Selenium2.TestNgChapte02" name="test01" time="0.022"/>
  <system-out/>
  <testcase classname="Selenium2.TestNgChapte02" name="test02" time="0.009"/>
  <system-out/>
  <testcase classname="Selenium2.TestNgChapte02" name="test04" time="0.010"/>
  <system-out/>
  <testcase classname="Selenium2.TestNgChapte02" name="test05" time="0.010"/>
  <system-out/>
  <testcase classname="Selenium2.TestNgChapte02" name="test06" time="0.004"/>
  <system-out/>
  <testcase classname="Selenium2.TestNgChapte02" name="test07" time="0.016"/>
  <system-out/>
</testsuite> <!-- Selenium2.TestNgChapte02 -->
