<?xml version="1.0" encoding="UTF-8"?>
<!-- Generated by org.testng.reporters.JUnitReportReporter -->
<testsuite hostname="DESKTOP-251HLOB" failures="0" tests="1" name="Selenium2.RedbusDatepicker" time="26.059" errors="0" timestamp="2023-03-29T07:36:37 IST" skipped="0">
  <testcase classname="Selenium2.RedbusDatepicker" name="selectDate" time="26.059"/>
  <system-out/>
</testsuite> <!-- Selenium2.RedbusDatepicker -->
