<?xml version="1.0" encoding="UTF-8"?>
<!-- Generated by org.testng.reporters.JUnitReportReporter -->
<testsuite hostname="DESKTOP-V5N9R93" failures="0" tests="6" name="JavaLogicalProblem.CountEven_And_OddDigits_InNumber" time="0.026" errors="0" timestamp="2023-10-02T05:59:06 IST" skipped="0">
  <testcase classname="JavaLogicalProblem.CountEven_And_OddDigits_InNumber" name="test1" time="0.002"/>
  <system-out/>
  <testcase classname="JavaLogicalProblem.CountEven_And_OddDigits_InNumber" name="test0" time="0.012"/>
  <system-out/>
  <testcase classname="JavaLogicalProblem.CountEven_And_OddDigits_InNumber" name="test2" time="0.003"/>
  <system-out/>
  <testcase classname="JavaLogicalProblem.CountEven_And_OddDigits_InNumber" name="test3" time="0.003"/>
  <system-out/>
  <testcase classname="JavaLogicalProblem.CountEven_And_OddDigits_InNumber" name="test4" time="0.004"/>
  <system-out/>
  <testcase classname="JavaLogicalProblem.CountEven_And_OddDigits_InNumber" name="test5" time="0.002"/>
  <system-out/>
</testsuite> <!-- JavaLogicalProblem.CountEven_And_OddDigits_InNumber -->
