<?xml version="1.0" encoding="UTF-8"?>
<!-- Generated by org.testng.reporters.JUnitReportReporter -->
<testsuite hostname="DESKTOP-V5N9R93" failures="0" tests="3" name="JavaLogicalProblem.SubString" time="0.051" errors="0" timestamp="2023-09-15T17:11:09 IST" skipped="0">
  <testcase classname="JavaLogicalProblem.SubString" name="test0" time="0.016"/>
  <system-out/>
  <testcase classname="JavaLogicalProblem.SubString" name="test2" time="0.023"/>
  <system-out/>
  <testcase classname="JavaLogicalProblem.SubString" name="test3" time="0.012"/>
  <system-out/>
</testsuite> <!-- JavaLogicalProblem.SubString -->
