<?xml version="1.0" encoding="UTF-8"?>
<!-- Generated by org.testng.reporters.JUnitReportReporter -->
<testsuite hostname="DESKTOP-V5N9R93" failures="0" tests="3" name="Aug15th.GroupBy" time="0.065" errors="0" timestamp="2023-10-15T16:52:46 IST" skipped="0">
  <testcase classname="Aug15th.GroupBy" name="test1" time="0.007"/>
  <system-out/>
  <testcase classname="Aug15th.GroupBy" name="test2" time="0.003"/>
  <system-out/>
  <testcase classname="Aug15th.GroupBy" name="test0" time="0.055"/>
  <system-out/>
</testsuite> <!-- Aug15th.GroupBy -->
