<?xml version="1.0" encoding="UTF-8"?>
<!-- Generated by org.testng.reporters.JUnitReportReporter -->
<testsuite hostname="DESKTOP-V5N9R93" failures="0" tests="1" name="Aug15th.Mouse_hover" time="7.446" errors="0" timestamp="2023-08-15T06:06:28 IST" skipped="0">
  <testcase classname="Aug15th.Mouse_hover" name="test" time="7.446"/>
  <system-out/>
</testsuite> <!-- Aug15th.Mouse_hover -->
