<?xml version="1.0" encoding="UTF-8"?>
<!-- Generated by org.testng.reporters.JUnitReportReporter -->
<testsuite hostname="DESKTOP-V5N9R93" failures="0" tests="6" name="Selenium2.Amazon_P" time="90.303" errors="0" timestamp="2023-04-26T05:32:49 IST" skipped="0">
  <testcase classname="Selenium2.Amazon_P" name="shop" time="13.061"/>
  <system-out/>
  <testcase classname="Selenium2.Amazon_P" name="shop" time="18.087"/>
  <system-out/>
  <testcase classname="Selenium2.Amazon_P" name="shop" time="16.565"/>
  <system-out/>
  <testcase classname="Selenium2.Amazon_P" name="shop" time="13.637"/>
  <system-out/>
  <testcase classname="Selenium2.Amazon_P" name="shop" time="14.748"/>
  <system-out/>
  <testcase classname="Selenium2.Amazon_P" name="shop" time="14.205"/>
  <system-out/>
</testsuite> <!-- Selenium2.Amazon_P -->
