<?xml version="1.0" encoding="UTF-8"?>
<!-- Generated by org.testng.reporters.JUnitReportReporter -->
<testsuite hostname="DESKTOP-V5N9R93" failures="0" tests="5" name="JavaLogicalProblem.PalindromeString" time="0.035" errors="0" timestamp="2023-09-25T05:12:16 IST" skipped="0">
  <testcase classname="JavaLogicalProblem.PalindromeString" name="test1" time="0.015"/>
  <system-out/>
  <testcase classname="JavaLogicalProblem.PalindromeString" name="test2" time="0.003"/>
  <system-out/>
  <testcase classname="JavaLogicalProblem.PalindromeString" name="test3" time="0.003"/>
  <system-out/>
  <testcase classname="JavaLogicalProblem.PalindromeString" name="test4" time="0.012"/>
  <system-out/>
  <testcase classname="JavaLogicalProblem.PalindromeString" name="test5" time="0.002"/>
  <system-out/>
</testsuite> <!-- JavaLogicalProblem.PalindromeString -->
