<?xml version="1.0" encoding="UTF-8"?>
<!-- Generated by org.testng.reporters.JUnitReportReporter -->
<testsuite hostname="DESKTOP-V5N9R93" failures="0" tests="1" name="Aug15th.FrameDemo01" time="9.142" errors="0" timestamp="2023-08-15T09:53:06 IST" skipped="0">
  <testcase classname="Aug15th.FrameDemo01" name="demo" time="9.142"/>
  <system-out/>
</testsuite> <!-- Aug15th.FrameDemo01 -->
