<?xml version="1.0" encoding="UTF-8"?>
<!-- Generated by org.testng.reporters.JUnitReportReporter -->
<testsuite hostname="DESKTOP-V5N9R93" failures="0" tests="1" name="JavaLogicalProblem.LongestWordInString" time="0.014" errors="0" timestamp="2023-09-29T06:05:26 IST" skipped="0">
  <testcase classname="JavaLogicalProblem.LongestWordInString" name="test1" time="0.014"/>
  <system-out/>
</testsuite> <!-- JavaLogicalProblem.LongestWordInString -->
