<?xml version="1.0" encoding="UTF-8"?>
<!-- Generated by org.testng.reporters.JUnitReportReporter -->
<testsuite hostname="DESKTOP-V5N9R93" failures="0" tests="1" name="Aug15th.Dropdown_" time="33.971" errors="0" timestamp="2023-09-16T17:03:25 IST" skipped="0">
  <testcase classname="Aug15th.Dropdown_" name="testCountry" time="33.971"/>
  <system-out/>
</testsuite> <!-- Aug15th.Dropdown_ -->
