<?xml version="1.0" encoding="UTF-8"?>
<!-- Generated by org.testng.reporters.JUnitReportReporter -->
<testsuite hostname="DESKTOP-V5N9R93" failures="0" tests="1" name="Aug15th.Demo4DataProvider" time="0.000" errors="0" timestamp="2023-09-14T16:23:41 IST" skipped="1">
  <testcase classname="Aug15th.Demo4DataProvider" name="test" time="0.000">
    <skipped/>
  </testcase> <!-- test -->
  <system-out/>
</testsuite> <!-- Aug15th.Demo4DataProvider -->
