<?xml version="1.0" encoding="UTF-8"?>
<!-- Generated by org.testng.reporters.JUnitReportReporter -->
<testsuite hostname="DESKTOP-V5N9R93" failures="0" tests="1" name="Aug15th.Read_Data_From_Excel" time="0.000" errors="0" timestamp="2023-09-02T04:46:24 IST" skipped="1">
  <testcase classname="Aug15th.Read_Data_From_Excel" name="Demo" time="0.000">
    <skipped/>
  </testcase> <!-- Demo -->
  <system-out/>
</testsuite> <!-- Aug15th.Read_Data_From_Excel -->
