<?xml version="1.0" encoding="UTF-8"?>
<!-- Generated by org.testng.reporters.JUnitReportReporter -->
<testsuite hostname="DESKTOP-V5N9R93" failures="0" tests="3" name="JavaLogicalProblem.CountUpper_LowerCase_Characters" time="0.021" errors="0" timestamp="2023-09-15T06:00:35 IST" skipped="0">
  <testcase classname="JavaLogicalProblem.CountUpper_LowerCase_Characters" name="test" time="0.014"/>
  <system-out/>
  <testcase classname="JavaLogicalProblem.CountUpper_LowerCase_Characters" name="test1" time="0.003"/>
  <system-out/>
  <testcase classname="JavaLogicalProblem.CountUpper_LowerCase_Characters" name="test2" time="0.004"/>
  <system-out/>
</testsuite> <!-- JavaLogicalProblem.CountUpper_LowerCase_Characters -->
