<?xml version="1.0" encoding="UTF-8"?>
<!-- Generated by org.testng.reporters.JUnitReportReporter -->
<testsuite hostname="DESKTOP-V5N9R93" failures="0" tests="1" name="June212023.ExplicitWaitTestNg" time="14.414" errors="0" timestamp="2023-06-30T18:20:36 IST" skipped="0">
  <testcase classname="June212023.ExplicitWaitTestNg" name="test" time="14.414"/>
  <system-out/>
</testsuite> <!-- June212023.ExplicitWaitTestNg -->
