<?xml version="1.0" encoding="UTF-8"?>
<!-- Generated by org.testng.reporters.JUnitReportReporter -->
<testsuite hostname="DESKTOP-V5N9R93" failures="0" tests="1" name="JavaLogicalProblem.LongestWordInString" time="0.013" errors="0" timestamp="2023-10-07T06:10:21 IST" skipped="0">
  <testcase classname="JavaLogicalProblem.LongestWordInString" name="test1" time="0.013"/>
  <system-out/>
</testsuite> <!-- JavaLogicalProblem.LongestWordInString -->
