<?xml version="1.0" encoding="UTF-8"?>
<!-- Generated by org.testng.reporters.JUnitReportReporter -->
<testsuite hostname="DESKTOP-V5N9R93" failures="0" tests="6" name="JavaLogicalProblem.Fibonacci_Series" time="0.038" errors="0" timestamp="2023-09-16T17:37:52 IST" skipped="0">
  <testcase classname="JavaLogicalProblem.Fibonacci_Series" name="test" time="0.020"/>
  <system-out/>
  <testcase classname="JavaLogicalProblem.Fibonacci_Series" name="test1" time="0.002"/>
  <system-out/>
  <testcase classname="JavaLogicalProblem.Fibonacci_Series" name="test2" time="0.005"/>
  <system-out/>
  <testcase classname="JavaLogicalProblem.Fibonacci_Series" name="test3" time="0.003"/>
  <system-out/>
  <testcase classname="JavaLogicalProblem.Fibonacci_Series" name="test4" time="0.004"/>
  <system-out/>
  <testcase classname="JavaLogicalProblem.Fibonacci_Series" name="test5" time="0.004"/>
  <system-out/>
</testsuite> <!-- JavaLogicalProblem.Fibonacci_Series -->
