<?xml version="1.0" encoding="UTF-8"?>
<!-- Generated by org.testng.reporters.JUnitReportReporter -->
<testsuite hostname="DESKTOP-V5N9R93" failures="0" tests="1" name="Aug15th.WebTable" time="20.772" errors="0" timestamp="2023-08-25T05:31:48 IST" skipped="0">
  <testcase classname="Aug15th.WebTable" name="testTableElement" time="20.772"/>
  <system-out/>
</testsuite> <!-- Aug15th.WebTable -->
