<?xml version="1.0" encoding="UTF-8"?>
<!-- Generated by org.testng.reporters.JUnitReportReporter -->
<testsuite hostname="DESKTOP-V5N9R93" failures="0" tests="1" name="Aug15th.Synchronization" time="7.797" errors="0" timestamp="2023-08-15T14:00:13 IST" skipped="0">
  <testcase classname="Aug15th.Synchronization" name="semo" time="7.797"/>
  <system-out/>
</testsuite> <!-- Aug15th.Synchronization -->
