<?xml version="1.0" encoding="UTF-8"?>
<!-- Generated by org.testng.reporters.JUnitReportReporter -->
<testsuite hostname="DESKTOP-251HLOB" failures="0" tests="2" name="Selenium1.TestNgpract" time="0.015" errors="0" timestamp="2022-07-08T21:01:40 GMT-07:00" skipped="0">
  <testcase classname="Selenium1.TestNgpract" name="a" time="0.013"/>
  <system-out/>
  <testcase classname="Selenium1.TestNgpract" name="b" time="0.002"/>
  <system-out/>
</testsuite> <!-- Selenium1.TestNgpract -->
