<?xml version="1.0" encoding="UTF-8"?>
<!-- Generated by org.testng.reporters.JUnitReportReporter -->
<testsuite hostname="DESKTOP-V5N9R93" failures="0" tests="12" name="JavaLogicalProblem.Remove_Duplicates_From_String" time="0.058" errors="0" timestamp="2023-09-18T06:12:22 IST" skipped="0">
  <testcase classname="JavaLogicalProblem.Remove_Duplicates_From_String" name="test0" time="0.011"/>
  <system-out/>
  <testcase classname="JavaLogicalProblem.Remove_Duplicates_From_String" name="test1" time="0.003"/>
  <system-out/>
  <testcase classname="JavaLogicalProblem.Remove_Duplicates_From_String" name="test2" time="0.001"/>
  <system-out/>
  <testcase classname="JavaLogicalProblem.Remove_Duplicates_From_String" name="test3" time="0.002"/>
  <system-out/>
  <testcase classname="JavaLogicalProblem.Remove_Duplicates_From_String" name="test4" time="0.004"/>
  <system-out/>
  <testcase classname="JavaLogicalProblem.Remove_Duplicates_From_String" name="test5" time="0.003"/>
  <system-out/>
  <testcase classname="JavaLogicalProblem.Remove_Duplicates_From_String" name="test6" time="0.003"/>
  <system-out/>
  <testcase classname="JavaLogicalProblem.Remove_Duplicates_From_String" name="test7" time="0.005"/>
  <system-out/>
  <testcase classname="JavaLogicalProblem.Remove_Duplicates_From_String" name="test8" time="0.008"/>
  <system-out/>
  <testcase classname="JavaLogicalProblem.Remove_Duplicates_From_String" name="test9" time="0.003"/>
  <system-out/>
  <testcase classname="JavaLogicalProblem.Remove_Duplicates_From_String" name="test10" time="0.013"/>
  <system-out/>
  <testcase classname="JavaLogicalProblem.Remove_Duplicates_From_String" name="test11" time="0.002"/>
  <system-out/>
</testsuite> <!-- JavaLogicalProblem.Remove_Duplicates_From_String -->
