<?xml version="1.0" encoding="UTF-8"?>
<!-- Generated by org.testng.reporters.JUnitReportReporter -->
<testsuite hostname="DESKTOP-V5N9R93" failures="0" tests="5" name="JavaLogicalProblem.FindSumOfDigitsInNumber" time="0.030" errors="0" timestamp="2023-09-15T06:18:19 IST" skipped="0">
  <testcase classname="JavaLogicalProblem.FindSumOfDigitsInNumber" name="test0" time="0.013"/>
  <system-out/>
  <testcase classname="JavaLogicalProblem.FindSumOfDigitsInNumber" name="test1" time="0.002"/>
  <system-out/>
  <testcase classname="JavaLogicalProblem.FindSumOfDigitsInNumber" name="test2" time="0.004"/>
  <system-out/>
  <testcase classname="JavaLogicalProblem.FindSumOfDigitsInNumber" name="test3" time="0.007"/>
  <system-out/>
  <testcase classname="JavaLogicalProblem.FindSumOfDigitsInNumber" name="test4" time="0.004"/>
  <system-out/>
</testsuite> <!-- JavaLogicalProblem.FindSumOfDigitsInNumber -->
