<?xml version="1.0" encoding="UTF-8"?>
<!-- Generated by org.testng.reporters.JUnitReportReporter -->
<testsuite hostname="DESKTOP-251HLOB" failures="0" tests="3" name="Selenium1.testNg18" time="0.019" errors="0" timestamp="2022-07-06T06:28:20 GMT-07:00" skipped="1">
  <testcase classname="Selenium1.testNg18" name="clickA" time="0.014"/>
  <system-out/>
  <testcase classname="Selenium1.testNg18" name="clickA" time="0.005"/>
  <system-out/>
  <testcase classname="Selenium1.testNg18" name="clickD">
    <skipped/>
  </testcase> <!-- clickD -->
  <system-out/>
</testsuite> <!-- Selenium1.testNg18 -->
