<?xml version="1.0" encoding="UTF-8"?>
<!-- Generated by org.testng.reporters.JUnitReportReporter -->
<testsuite hostname="DESKTOP-V5N9R93" failures="0" tests="1" name="Aug15th.HandleFrames" time="47.189" errors="0" timestamp="2023-08-15T08:41:34 IST" skipped="0">
  <testcase classname="Aug15th.HandleFrames" name="handleIframe" time="47.189"/>
  <system-out/>
</testsuite> <!-- Aug15th.HandleFrames -->
