<?xml version="1.0" encoding="UTF-8"?>
<!-- Generated by org.testng.reporters.JUnitReportReporter -->
<testsuite hostname="DESKTOP-V5N9R93" failures="0" tests="1" name="Aug15th.Frame_Demo_02" time="5.788" errors="0" timestamp="2023-08-30T04:31:24 IST" skipped="0">
  <testcase classname="Aug15th.Frame_Demo_02" name="demo" time="5.788"/>
  <system-out/>
</testsuite> <!-- Aug15th.Frame_Demo_02 -->
