<?xml version="1.0" encoding="UTF-8"?>
<!-- Generated by org.testng.reporters.JUnitReportReporter -->
<testsuite hostname="DESKTOP-V5N9R93" failures="0" tests="1" name="Aug15th.CheckBox" time="15.270" errors="0" timestamp="2023-09-04T06:19:29 IST" skipped="0">
  <testcase classname="Aug15th.CheckBox" name="test" time="15.270"/>
  <system-out/>
</testsuite> <!-- Aug15th.CheckBox -->
